<?xml version="1.0" encoding="UTF-8"?>
<!-- Generated by org.testng.reporters.JUnitXMLReporter -->
<testsuite ignored="1" hostname="DESKTOP-SB17MVI" failures="0" tests="1" name="Default test" time="10.746" errors="0" timestamp="2024-02-29T15:52:57 IST">
  <testcase classname="com.Lumen.YourStore.Tests.LoginPageTest" name="verifyLoginWithvalidData" time="6.132"/>
  <testcase classname="com.Lumen.YourStore.Tests.LoginPageTest" name="verifyLoginWithInvalidExcelData" time="0.0">
    <ignored/>
  </testcase> <!-- verifyLoginWithInvalidExcelData -->
</testsuite> <!-- Default test -->
