<?xml version="1.0" encoding="UTF-8"?>
<!-- Generated by org.testng.reporters.JUnitXMLReporter -->
<testsuite ignored="0" hostname="DESKTOP-SB17MVI" failures="0" tests="8" name="Test" time="79.229" errors="0" timestamp="2024-02-29T15:55:13 IST">
  <testcase classname="com.Lumen.YourStore.Tests.SearchPageTest" name="checksearchpageBreadCrumb" time="4.787"/>
  <testcase classname="com.Lumen.YourStore.Tests.LoginPageTest" name="verifyLoginWithInvalidExcelData" time="5.498"/>
  <testcase classname="com.Lumen.YourStore.Tests.LoginPageTest" name="verifyLoginWithInvalidExcelData" time="5.465"/>
  <testcase classname="com.Lumen.YourStore.Tests.LoginPageTest" name="verifyLoginWithInvalidExcelData" time="6.58"/>
  <testcase classname="com.Lumen.YourStore.Tests.LoginPageTest" name="verifyLoginWithvalidData" time="5.608"/>
  <testcase classname="com.Lumen.YourStore.Tests.RegistrationPageTest" name="verifyRegistrationPagewithMandatoryFields" time="9.961"/>
  <testcase classname="com.Lumen.YourStore.Tests.DatePickerTrail" name="datePicker" time="14.52"/>
  <testcase classname="com.Lumen.YourStore.Tests.LandingPageTest" name="verifyLandingPageTitle" time="2.895"/>
</testsuite> <!-- Test -->
